<?xml version="1.0" encoding="UTF-8"?>
<testsuite xmlns:xsi="http://www.w3.org/2001/XMLSchema-instance" xsi:noNamespaceSchemaLocation="https://maven.apache.org/surefire/maven-surefire-plugin/xsd/surefire-test-report.xsd" name="com.gabrielsilva.magazinservice.test.PromotionsTest" time="0.352" tests="12" errors="0" skipped="0" failures="0">
  <properties>
[...]
</properties>
  <testcase name="xbaconWithoutLightTest" classname="com.gabrielsilva.magazinservice.test.PromotionsTest" time="0.025"/>
  <testcase name="xbaconWithTwoMuitoQueijoTest" classname="com.gabrielsilva.magazinservice.test.PromotionsTest" time="0.019"/>
  <testcase name="xbaconWithTwoOfMuchsTest" classname="com.gabrielsilva.magazinservice.test.PromotionsTest" time="0.02"/>
  <testcase name="xbaconWithoutMuitaCarneTest" classname="com.gabrielsilva.magazinservice.test.PromotionsTest" time="0.02"/>
  <testcase name="xbaconWithMuitoQueijoTest" classname="com.gabrielsilva.magazinservice.test.PromotionsTest" time="0.018"/>
  <testcase name="xbaconWithAllPromotionsTest" classname="com.gabrielsilva.magazinservice.test.PromotionsTest" time="0.019"/>
  <testcase name="xbaconWithMuitaCarneAndLightTest" classname="com.gabrielsilva.magazinservice.test.PromotionsTest" time="0.02"/>
  <testcase name="xbaconWithTwoOfAllPromotionsTest" classname="com.gabrielsilva.magazinservice.test.PromotionsTest" time="0.019"/>
  <testcase name="xbaconWithLightTest" classname="com.gabrielsilva.magazinservice.test.PromotionsTest" time="0.019"/>
  <testcase name="xbaconWithoutMuitoQueijoTest" classname="com.gabrielsilva.magazinservice.test.PromotionsTest" time="0.018"/>
  <testcase name="xbaconWithTwoMuitaCarneTest" classname="com.gabrielsilva.magazinservice.test.PromotionsTest" time="0.019"/>
  <testcase name="xbaconWithMuitaCarneTest" classname="com.gabrielsilva.magazinservice.test.PromotionsTest" time="0.019"/>
</testsuite>